2015-12-20 23:28:17,800 Retrieved quote: You are always free to change your mind and choose a different future, or a different past.  , -Richard Bach 
2015-12-20 23:28:18,215 Starting new HTTPS connection (1): api.twitter.com
2015-12-20 23:30:04,434 Retrieved quote: Kind words can be short and easy to speak, but their echoes are truly endless. , -Mother Teresa 
2015-12-20 23:30:05,926 Retrieved quote: Courage is not the absence of fear, but simply moving on with dignity despite that fear. , -Pat Riley
2015-12-20 23:30:07,143 Retrieved quote: Courage is not the absence of fear, but simply moving on with dignity despite that fear. , -Pat Riley
2015-12-20 23:30:08,817 Retrieved quote: To see things in the seed, that is genius.  , -Lao Tzu 
2015-12-20 23:30:09,958 Retrieved quote: I have been impressed with the urgency of doing. Knowing is not enough; we must apply. Being willing is not enough; we must do.  , -Leonardo da Vinci
2015-12-20 23:30:11,279 Retrieved quote: I have been impressed with the urgency of doing. Knowing is not enough; we must apply. Being willing is not enough; we must do.  , -Leonardo da Vinci
2015-12-20 23:30:12,488 Retrieved quote: Be like the flower, turn your face to the sun. , -Kahlil Gibran
2015-12-20 23:30:13,644 Retrieved quote: Be like the flower, turn your face to the sun. , -Kahlil Gibran
2015-12-20 23:30:14,988 Retrieved quote: Everything is perfect in the universe — even your desire to improve it.  , -Wayne Dyer
2015-12-20 23:30:16,109 Retrieved quote: Everything is perfect in the universe — even your desire to improve it.  , -Wayne Dyer
2015-12-20 23:30:17,325 Retrieved quote: An obstacle may be either a stepping stone or a stumbling block., -
2015-12-20 23:30:18,534 Retrieved quote: To keep the body in good health is a duty... otherwise we shall not be able to keep our mind strong and clear., -Buddha
2015-12-20 23:30:20,000 Retrieved quote: To keep the body in good health is a duty... otherwise we shall not be able to keep our mind strong and clear., -Buddha
2015-12-20 23:30:26,621 Retrieved quote: Learn from yesterday, live for today, hope for tomorrow., -Albert Einstein
2015-12-20 23:30:28,077 Retrieved quote: Learn from yesterday, live for today, hope for tomorrow., -Albert Einstein
2015-12-20 23:30:50,465 Retrieved quote: Why worry about tomorrow, when today is all we have? , -
2015-12-20 23:32:15,453 Retrieved quote: Rather than wishing for change, you first must be prepared to change. , -Catherine Pulsifer 
2015-12-20 23:32:15,478 Starting new HTTPS connection (1): api.twitter.com
2015-12-20 23:32:36,222 Retrieved quote: Everything that happens happens as it should, and if you observe carefully, you will find this to be so.  , -Marcus Aurelius 
2015-12-20 23:32:36,325 Starting new HTTPS connection (1): upload.twitter.com
2015-12-20 23:33:06,088 Retrieved quote: Of course there is no formula for success except perhaps an unconditional acceptance of life and what it brings. , -Arthur Rubinstein 
2015-12-20 23:33:06,517 Starting new HTTPS connection (1): api.twitter.com
2015-12-20 23:33:33,981 Retrieved quote: The exercise of an extraordinary gift is the supremest pleasure in life. , -Mark Twain
2015-12-20 23:33:34,002 Starting new HTTPS connection (1): api.twitter.com
2015-12-20 23:33:50,857 Retrieved quote: Those who cannot learn from history are doomed to repeat it. , -George Santayan
2015-12-20 23:33:51,358 Starting new HTTPS connection (1): upload.twitter.com
2015-12-20 23:34:01,151 Retrieved quote: We are what we repeatedly do. Excellence, then, is not an act but a habit. , -Aristotle
2015-12-20 23:34:01,229 Starting new HTTPS connection (1): upload.twitter.com
2015-12-20 23:34:10,068 Retrieved quote: Music in the soul can be heard by the universe.  , -Lao Tzu 
2015-12-20 23:34:10,557 Starting new HTTPS connection (1): upload.twitter.com
2015-12-20 23:34:55,323 Retrieved quote: One who gains strength by overcoming obstacles possesses the only strength which can overcome adversity.  , -Albert Schweitzer
2015-12-20 23:34:55,826 Starting new HTTPS connection (1): upload.twitter.com
2015-12-20 23:42:17,266 Retrieved quote: Life is like a sewer. What you get out of it depends on what you put into it. , -Tom Lehrer
2015-12-20 23:42:17,386 Starting new HTTPS connection (1): upload.twitter.com
2015-12-20 23:42:53,918 Retrieved quote: Everything that irritates us about others can lead us to an understanding of ourselves.  , -Carl Jung 
2015-12-20 23:42:54,418 Starting new HTTPS connection (1): upload.twitter.com
2015-12-20 23:44:44,796 Retrieved quote: Life is 10% what happens to you and 90% how you react to it., -Charles Swindoll
2015-12-20 23:44:44,821 Starting new HTTPS connection (1): api.twitter.com
2015-12-20 23:44:48,328 Retrieved quote: A dream is your creative vision for your life in the future. You must break out of your current comfort zone and become comfortable with the unfamiliar and the unknown.  , -Denis Waitley
2015-12-20 23:44:48,445 Starting new HTTPS connection (1): upload.twitter.com
2015-12-20 23:45:42,281 Retrieved quote: Smile, breathe, and go slowly., -Thich Nhat Hanh
2015-12-20 23:49:42,882 Retrieved quote: I will love the light for it shows me the way, yet I will endure the darkness because it shows me the stars.  , -Og Mandino
2015-12-20 23:50:12,633 Retrieved quote: All our knowledge begins with the senses, proceeds then to the understanding, and ends with reason. There is nothing higher than reason. , -Immanuel Kant
2015-12-20 23:50:12,744 Starting new HTTPS connection (1): api.twitter.com
2015-12-20 23:50:48,565 Retrieved quote: Respect should be earned by actions, and not acquired by years. , -Frank Wright 
2015-12-20 23:50:58,437 Retrieved quote: You have to take it as it happens, but you should try to make it happen the way you want to take it., -Old German proverb
2015-12-20 23:50:58,542 Starting new HTTPS connection (1): upload.twitter.com
2015-12-20 23:51:34,183 Retrieved quote: Each day, accept everything that comes to you as a gift. At night, mentally give it all back. In this way, you become free., -Daniel Levin
2015-12-20 23:51:40,088 Retrieved quote: Do what you can. Want what you have. Be who you are. , -Forrest Church
2015-12-20 23:51:40,175 Starting new HTTPS connection (1): api.twitter.com
